[2025-05-14 17:02:30] [/workspaces/Lab03] source .devcontainer/shell.sh
[2025-05-14 17:17:41] [/workspaces/Lab03] grep "ERROR" system.log
[2025-05-14 17:19:53] [/workspaces/Lab03] grep -i "WARNING" system.log
[2025-05-14 17:20:18] [/workspaces/Lab03] grep -i "WARNING" system.log
[2025-05-14 17:22:33] [/workspaces/Lab03] grep "INFO" system.log
[2025-05-14 17:22:53] [/workspaces/Lab03] grep -c  "INFO" system.log
[2025-05-14 17:23:05] [/workspaces/Lab03] grep -c "WARNING" system.log
[2025-05-14 17:23:14] [/workspaces/Lab03] grep -c "ERROR" system.log
[2025-05-14 17:25:56] [/workspaces/Lab03] grep "^2025-04-01 1" system.log
[2025-05-14 17:26:08] [/workspaces/Lab03] grep "2025-04-01 1" system.log
[2025-05-14 17:28:03] [/workspaces/Lab03] grep -E "\b([0-9]{1,3}\.){3}[0-9]{1,3}\b" system.log
[2025-05-14 17:28:26] [/workspaces/Lab03] grep -E "\b[A-Za-z0-9._%+-]+@[A-Za-z0-9.-]+\.[A-Za-z]{2,6}\b" contacts.txt
[2025-05-14 17:29:41] [/workspaces/Lab03] sed “s/old/new/g” system.log
[2025-05-14 17:29:57] [/workspaces/Lab03] sed 's/old/new/g' system.log
[2025-05-14 17:30:17] [/workspaces/Lab03] sed '/^$/d' sample.txt
[2025-05-14 17:31:00] [/workspaces/Lab03] sed -n '5,10p' sample.txt
[2025-05-14 17:31:18] [/workspaces/Lab03] sed -e 's/Manager/Team Lead/g' -e 's/Developer/Software Engineer/g' contacts.txt
[2025-05-14 17:32:04] [/workspaces/Lab03] sed 's/^/PROCESSED /' contacts.txt > contacts_processed.txt
[2025-05-14 17:33:04] [/workspaces/Lab03] awk ‘{print $1, $2}’
[2025-05-14 17:33:37] [/workspaces/Lab03] awk '{print $1, $2}'contacts.txt
[2025-05-14 17:33:54] [/workspaces/Lab03] awk '{print $1, $2}' contacts.txt
[2025-05-14 17:34:05] [/workspaces/Lab03] awk '$2 > 10' sales.txt
[2025-05-14 17:34:43] [/workspaces/Lab03] awk '{print $1, $2 * $3}' sales.txt
[2025-05-14 17:35:56] [/workspaces/Lab03] awk '{sum += $2 * $3} END {print "Total Sales:", sum}' sales.txt
[2025-05-14 17:36:22] [/workspaces/Lab03] awk '{printf "Name: %-20s | Email: %-25s | Title: %s\n", $1, $2, $3}' contacts.txt
